<?xml version="1.0" encoding="UTF-8"?>
<testsuite name="GenericsTest" tests="1" skipped="0" failures="0" errors="0" timestamp="2021-06-03T16:53:32" hostname="DESKTOP-BS45UV7" time="0.002">
  <properties/>
  <testcase name="givenFirstNumber_whenMaximum_shouldReturnTrue" classname="GenericsTest" time="0.002"/>
  <system-out><![CDATA[]]></system-out>
  <system-err><![CDATA[]]></system-err>
</testsuite>
